<?xml version="1.0" encoding="UTF-8"?>
<coverage generated="1691662201415" clover="3.2.0">
  <project timestamp="1691662201415" name="All files">
    <metrics statements="11" coveredstatements="9" conditionals="10" coveredconditionals="2" methods="6" coveredmethods="2" elements="27" coveredelements="13" complexity="0" loc="11" ncloc="11" packages="3" files="3" classes="3"/>
    <package name="client.layouts.ContainerHeaderLayout">
      <metrics statements="3" coveredstatements="3" conditionals="2" coveredconditionals="1" methods="1" coveredmethods="1"/>
      <file name="index.js" path="C:\Users\SamiSGHAIER\OneDrive - Mobelite\Desktop\FRONT-PDSS\src\client\layouts\ContainerHeaderLayout\index.js">
        <metrics statements="3" coveredstatements="3" conditionals="2" coveredconditionals="1" methods="1" coveredmethods="1"/>
        <line num="7" count="1" type="stmt"/>
        <line num="8" count="1" type="stmt"/>
        <line num="9" count="1" type="stmt"/>
      </file>
    </package>
    <package name="client.layouts.GenericModalLayout">
      <metrics statements="1" coveredstatements="1" conditionals="8" coveredconditionals="1" methods="1" coveredmethods="1"/>
      <file name="index.jsx" path="C:\Users\SamiSGHAIER\OneDrive - Mobelite\Desktop\FRONT-PDSS\src\client\layouts\GenericModalLayout\index.jsx">
        <metrics statements="1" coveredstatements="1" conditionals="8" coveredconditionals="1" methods="1" coveredmethods="1"/>
        <line num="4" count="1" type="stmt"/>
      </file>
    </package>
    <package name="store.reducers">
      <metrics statements="7" coveredstatements="5" conditionals="0" coveredconditionals="0" methods="4" coveredmethods="0"/>
      <file name="settings.reducer.js" path="C:\Users\SamiSGHAIER\OneDrive - Mobelite\Desktop\FRONT-PDSS\src\store\reducers\settings.reducer.js">
        <metrics statements="7" coveredstatements="5" conditionals="0" coveredconditionals="0" methods="4" coveredmethods="0"/>
        <line num="2" count="1" type="stmt"/>
        <line num="7" count="1" type="stmt"/>
        <line num="12" count="0" type="stmt"/>
        <line num="15" count="0" type="stmt"/>
        <line num="18" count="1" type="stmt"/>
        <line num="19" count="1" type="stmt"/>
        <line num="20" count="1" type="stmt"/>
      </file>
    </package>
  </project>
</coverage>
