<?xml version="1.0" encoding="UTF-8"?>
<coverage generated="1691659264080" clover="3.2.0">
  <project timestamp="1691659264080" name="All files">
    <metrics statements="45" coveredstatements="1" conditionals="18" coveredconditionals="0" methods="26" coveredmethods="1" elements="89" coveredelements="2" complexity="0" loc="45" ncloc="45" packages="8" files="8" classes="8"/>
    <package name="components.DownloadFilesListComponent">
      <metrics statements="4" coveredstatements="0" conditionals="2" coveredconditionals="0" methods="3" coveredmethods="0"/>
      <file name="index.jsx" path="C:\Users\SamiSGHAIER\OneDrive - Mobelite\pdss\pdss_web_front\src\client\components\DownloadFilesListComponent\index.jsx">
        <metrics statements="4" coveredstatements="0" conditionals="2" coveredconditionals="0" methods="3" coveredmethods="0"/>
        <line num="5" count="0" type="stmt"/>
        <line num="6" count="0" type="stmt"/>
        <line num="7" count="0" type="stmt"/>
        <line num="19" count="0" type="stmt"/>
      </file>
    </package>
    <package name="components.HomePageSliderComponent">
      <metrics statements="22" coveredstatements="0" conditionals="6" coveredconditionals="0" methods="14" coveredmethods="0"/>
      <file name="index.jsx" path="C:\Users\SamiSGHAIER\OneDrive - Mobelite\pdss\pdss_web_front\src\client\components\HomePageSliderComponent\index.jsx">
        <metrics statements="22" coveredstatements="0" conditionals="6" coveredconditionals="0" methods="14" coveredmethods="0"/>
        <line num="10" count="0" type="stmt"/>
        <line num="17" count="0" type="stmt"/>
        <line num="20" count="0" type="stmt"/>
        <line num="21" count="0" type="stmt"/>
        <line num="24" count="0" type="stmt"/>
        <line num="25" count="0" type="cond" truecount="0" falsecount="2"/>
        <line num="26" count="0" type="stmt"/>
        <line num="27" count="0" type="stmt"/>
        <line num="29" count="0" type="stmt"/>
        <line num="34" count="0" type="stmt"/>
        <line num="35" count="0" type="stmt"/>
        <line num="38" count="0" type="stmt"/>
        <line num="39" count="0" type="stmt"/>
        <line num="43" count="0" type="stmt"/>
        <line num="44" count="0" type="stmt"/>
        <line num="47" count="0" type="stmt"/>
        <line num="48" count="0" type="stmt"/>
        <line num="51" count="0" type="stmt"/>
        <line num="66" count="0" type="stmt"/>
        <line num="105" count="0" type="stmt"/>
        <line num="108" count="0" type="stmt"/>
        <line num="118" count="0" type="stmt"/>
      </file>
    </package>
    <package name="components.HomeTestimonialsSliderComponent">
      <metrics statements="3" coveredstatements="0" conditionals="0" coveredconditionals="0" methods="1" coveredmethods="0"/>
      <file name="index.jsx" path="C:\Users\SamiSGHAIER\OneDrive - Mobelite\pdss\pdss_web_front\src\client\components\HomeTestimonialsSliderComponent\index.jsx">
        <metrics statements="3" coveredstatements="0" conditionals="0" coveredconditionals="0" methods="1" coveredmethods="0"/>
        <line num="4" count="0" type="stmt"/>
        <line num="5" count="0" type="stmt"/>
        <line num="6" count="0" type="stmt"/>
      </file>
    </package>
    <package name="components.PdssImageComponent">
      <metrics statements="1" coveredstatements="0" conditionals="0" coveredconditionals="0" methods="1" coveredmethods="0"/>
      <file name="index.jsx" path="C:\Users\SamiSGHAIER\OneDrive - Mobelite\pdss\pdss_web_front\src\client\components\PdssImageComponent\index.jsx">
        <metrics statements="1" coveredstatements="0" conditionals="0" coveredconditionals="0" methods="1" coveredmethods="0"/>
        <line num="4" count="0" type="stmt"/>
      </file>
    </package>
    <package name="components.PdssTitleComponent">
      <metrics statements="1" coveredstatements="1" conditionals="0" coveredconditionals="0" methods="1" coveredmethods="1"/>
      <file name="PdssTitle.jsx" path="C:\Users\SamiSGHAIER\OneDrive - Mobelite\pdss\pdss_web_front\src\client\components\PdssTitleComponent\PdssTitle.jsx">
        <metrics statements="1" coveredstatements="1" conditionals="0" coveredconditionals="0" methods="1" coveredmethods="1"/>
        <line num="4" count="1" type="stmt"/>
      </file>
    </package>
    <package name="containers.CardsHomeContainer">
      <metrics statements="3" coveredstatements="0" conditionals="0" coveredconditionals="0" methods="2" coveredmethods="0"/>
      <file name="index.jsx" path="C:\Users\SamiSGHAIER\OneDrive - Mobelite\pdss\pdss_web_front\src\client\containers\CardsHomeContainer\index.jsx">
        <metrics statements="3" coveredstatements="0" conditionals="0" coveredconditionals="0" methods="2" coveredmethods="0"/>
        <line num="5" count="0" type="stmt"/>
        <line num="6" count="0" type="stmt"/>
        <line num="15" count="0" type="stmt"/>
      </file>
    </package>
    <package name="containers.CompleteProfileFormContainer">
      <metrics statements="7" coveredstatements="0" conditionals="10" coveredconditionals="0" methods="3" coveredmethods="0"/>
      <file name="index.jsx" path="C:\Users\SamiSGHAIER\OneDrive - Mobelite\pdss\pdss_web_front\src\client\containers\CompleteProfileFormContainer\index.jsx">
        <metrics statements="7" coveredstatements="0" conditionals="10" coveredconditionals="0" methods="3" coveredmethods="0"/>
        <line num="8" count="0" type="stmt"/>
        <line num="9" count="0" type="stmt"/>
        <line num="18" count="0" type="stmt"/>
        <line num="20" count="0" type="stmt"/>
        <line num="97" count="0" type="stmt"/>
        <line num="109" count="0" type="stmt"/>
        <line num="113" count="0" type="stmt"/>
      </file>
    </package>
    <package name="containers.DefaultFooter">
      <metrics statements="4" coveredstatements="0" conditionals="0" coveredconditionals="0" methods="1" coveredmethods="0"/>
      <file name="index.jsx" path="C:\Users\SamiSGHAIER\OneDrive - Mobelite\pdss\pdss_web_front\src\client\containers\DefaultFooter\index.jsx">
        <metrics statements="4" coveredstatements="0" conditionals="0" coveredconditionals="0" methods="1" coveredmethods="0"/>
        <line num="4" count="0" type="stmt"/>
        <line num="5" count="0" type="stmt"/>
        <line num="6" count="0" type="stmt"/>
        <line num="26" count="0" type="stmt"/>
      </file>
    </package>
  </project>
</coverage>
