{"C:\\Users\\SamiSGHAIER\\OneDrive - Mobelite\\Desktop\\FRONT-PDSS\\src\\client\\layouts\\ContainerHeaderLayout\\index.js": {"path":"C:\\Users\\SamiSGHAIER\\OneDrive - Mobelite\\Desktop\\FRONT-PDSS\\src\\client\\layouts\\ContainerHeaderLayout\\index.js","statementMap":{"0":{"start":{"line":7,"column":15},"end":{"line":7,"column":47}},"1":{"start":{"line":8,"column":22},"end":{"line":8,"column":56}},"2":{"start":{"line":9,"column":1},"end":{"line":33,"column":3}}},"fnMap":{"0":{"name":"ContainerHeaderLayout","decl":{"start":{"line":5,"column":9},"end":{"line":5,"column":30}},"loc":{"start":{"line":5,"column":45},"end":{"line":34,"column":1}},"line":5}},"branchMap":{"0":{"loc":{"start":{"line":25,"column":23},"end":{"line":25,"column":48}},"type":"cond-expr","locations":[{"start":{"line":25,"column":38},"end":{"line":25,"column":40}},{"start":{"line":25,"column":43},"end":{"line":25,"column":48}}],"line":25}},"s":{"0":1,"1":1,"2":1},"f":{"0":1},"b":{"0":[0,1]},"_coverageSchema":"1a1c01bbd47fc00a2c39e90264f33305004495a9","hash":"a179b28160907b488bac7d15656f55a211dd9885"}
,"C:\\Users\\SamiSGHAIER\\OneDrive - Mobelite\\Desktop\\FRONT-PDSS\\src\\store\\reducers\\settings.reducer.js": {"path":"C:\\Users\\SamiSGHAIER\\OneDrive - Mobelite\\Desktop\\FRONT-PDSS\\src\\store\\reducers\\settings.reducer.js","statementMap":{"0":{"start":{"line":2,"column":21},"end":{"line":5,"column":1}},"1":{"start":{"line":7,"column":38},"end":{"line":17,"column":2}},"2":{"start":{"line":12,"column":3},"end":{"line":12,"column":32}},"3":{"start":{"line":15,"column":12},"end":{"line":15,"column":42}},"4":{"start":{"line":18,"column":35},"end":{"line":18,"column":89}},"5":{"start":{"line":18,"column":64},"end":{"line":18,"column":89}},"6":{"start":{"line":19,"column":37},"end":{"line":19,"column":93}},"7":{"start":{"line":19,"column":66},"end":{"line":19,"column":93}},"8":{"start":{"line":20,"column":55},"end":{"line":20,"column":85}}},"fnMap":{"0":{"name":"(anonymous_0)","decl":{"start":{"line":11,"column":20},"end":{"line":11,"column":21}},"loc":{"start":{"line":11,"column":39},"end":{"line":13,"column":3}},"line":11},"1":{"name":"(anonymous_1)","decl":{"start":{"line":14,"column":27},"end":{"line":14,"column":28}},"loc":{"start":{"line":14,"column":44},"end":{"line":15,"column":51}},"line":14},"2":{"name":"(anonymous_2)","decl":{"start":{"line":18,"column":35},"end":{"line":18,"column":36}},"loc":{"start":{"line":18,"column":64},"end":{"line":18,"column":89}},"line":18},"3":{"name":"(anonymous_3)","decl":{"start":{"line":19,"column":37},"end":{"line":19,"column":38}},"loc":{"start":{"line":19,"column":66},"end":{"line":19,"column":93}},"line":19}},"branchMap":{},"s":{"0":1,"1":1,"2":0,"3":0,"4":1,"5":0,"6":1,"7":0,"8":1},"f":{"0":0,"1":0,"2":0,"3":0},"b":{},"_coverageSchema":"1a1c01bbd47fc00a2c39e90264f33305004495a9","hash":"26bbbf33f78558f13bf09ad86ddb8af9376ec436"}
}
