{"C:\\Users\\SamiSGHAIER\\OneDrive - Mobelite\\pdss\\pdss_web_front\\src\\client\\components\\DownloadFilesListComponent\\index.jsx": {"path":"C:\\Users\\SamiSGHAIER\\OneDrive - Mobelite\\pdss\\pdss_web_front\\src\\client\\components\\DownloadFilesListComponent\\index.jsx","statementMap":{"0":{"start":{"line":5,"column":25},"end":{"line":17,"column":2}},"1":{"start":{"line":6,"column":2},"end":{"line":16,"column":5}},"2":{"start":{"line":7,"column":3},"end":{"line":15,"column":8}},"3":{"start":{"line":19,"column":1},"end":{"line":33,"column":3}}},"fnMap":{"0":{"name":"DownloadFilesListComponent","decl":{"start":{"line":3,"column":9},"end":{"line":3,"column":35}},"loc":{"start":{"line":3,"column":50},"end":{"line":34,"column":1}},"line":3},"1":{"name":"(anonymous_1)","decl":{"start":{"line":5,"column":25},"end":{"line":5,"column":26}},"loc":{"start":{"line":5,"column":31},"end":{"line":17,"column":2}},"line":5},"2":{"name":"(anonymous_2)","decl":{"start":{"line":6,"column":19},"end":{"line":6,"column":20}},"loc":{"start":{"line":7,"column":3},"end":{"line":15,"column":8}},"line":7}},"branchMap":{"0":{"loc":{"start":{"line":30,"column":12},"end":{"line":30,"column":38}},"type":"binary-expr","locations":[{"start":{"line":30,"column":12},"end":{"line":30,"column":17}},{"start":{"line":30,"column":21},"end":{"line":30,"column":38}}],"line":30}},"s":{"0":0,"1":0,"2":0,"3":0},"f":{"0":0,"1":0,"2":0},"b":{"0":[0,0]}}
,"C:\\Users\\SamiSGHAIER\\OneDrive - Mobelite\\pdss\\pdss_web_front\\src\\client\\components\\HomePageSliderComponent\\index.jsx": {"path":"C:\\Users\\SamiSGHAIER\\OneDrive - Mobelite\\pdss\\pdss_web_front\\src\\client\\components\\HomePageSliderComponent\\index.jsx","statementMap":{"0":{"start":{"line":10,"column":20},"end":{"line":14,"column":1}},"1":{"start":{"line":17,"column":19},"end":{"line":17,"column":43}},"2":{"start":{"line":20,"column":31},"end":{"line":20,"column":42}},"3":{"start":{"line":21,"column":35},"end":{"line":21,"column":49}},"4":{"start":{"line":24,"column":1},"end":{"line":31,"column":26}},"5":{"start":{"line":25,"column":2},"end":{"line":30,"column":3}},"6":{"start":{"line":26,"column":20},"end":{"line":28,"column":11}},"7":{"start":{"line":27,"column":4},"end":{"line":27,"column":62}},"8":{"start":{"line":27,"column":26},"end":{"line":27,"column":60}},"9":{"start":{"line":29,"column":3},"end":{"line":29,"column":40}},"10":{"start":{"line":29,"column":16},"end":{"line":29,"column":39}},"11":{"start":{"line":34,"column":19},"end":{"line":36,"column":2}},"12":{"start":{"line":35,"column":2},"end":{"line":35,"column":60}},"13":{"start":{"line":35,"column":24},"end":{"line":35,"column":58}},"14":{"start":{"line":38,"column":19},"end":{"line":40,"column":2}},"15":{"start":{"line":39,"column":2},"end":{"line":39,"column":81}},"16":{"start":{"line":39,"column":24},"end":{"line":39,"column":79}},"17":{"start":{"line":43,"column":26},"end":{"line":45,"column":2}},"18":{"start":{"line":44,"column":2},"end":{"line":44,"column":22}},"19":{"start":{"line":47,"column":26},"end":{"line":49,"column":2}},"20":{"start":{"line":48,"column":2},"end":{"line":48,"column":21}},"21":{"start":{"line":51,"column":1},"end":{"line":115,"column":3}},"22":{"start":{"line":66,"column":8},"end":{"line":68,"column":14}},"23":{"start":{"line":105,"column":7},"end":{"line":109,"column":9}},"24":{"start":{"line":108,"column":23},"end":{"line":108,"column":40}},"25":{"start":{"line":118,"column":0},"end":{"line":120,"column":2}}},"fnMap":{"0":{"name":"HomePageSliderComponent","decl":{"start":{"line":19,"column":9},"end":{"line":19,"column":32}},"loc":{"start":{"line":19,"column":40},"end":{"line":116,"column":1}},"line":19},"1":{"name":"(anonymous_1)","decl":{"start":{"line":24,"column":11},"end":{"line":24,"column":12}},"loc":{"start":{"line":24,"column":17},"end":{"line":31,"column":2}},"line":24},"2":{"name":"(anonymous_2)","decl":{"start":{"line":26,"column":32},"end":{"line":26,"column":33}},"loc":{"start":{"line":26,"column":38},"end":{"line":28,"column":4}},"line":26},"3":{"name":"(anonymous_3)","decl":{"start":{"line":27,"column":15},"end":{"line":27,"column":16}},"loc":{"start":{"line":27,"column":26},"end":{"line":27,"column":60}},"line":27},"4":{"name":"(anonymous_4)","decl":{"start":{"line":29,"column":10},"end":{"line":29,"column":11}},"loc":{"start":{"line":29,"column":16},"end":{"line":29,"column":39}},"line":29},"5":{"name":"(anonymous_5)","decl":{"start":{"line":34,"column":19},"end":{"line":34,"column":20}},"loc":{"start":{"line":34,"column":25},"end":{"line":36,"column":2}},"line":34},"6":{"name":"(anonymous_6)","decl":{"start":{"line":35,"column":13},"end":{"line":35,"column":14}},"loc":{"start":{"line":35,"column":24},"end":{"line":35,"column":58}},"line":35},"7":{"name":"(anonymous_7)","decl":{"start":{"line":38,"column":19},"end":{"line":38,"column":20}},"loc":{"start":{"line":38,"column":25},"end":{"line":40,"column":2}},"line":38},"8":{"name":"(anonymous_8)","decl":{"start":{"line":39,"column":13},"end":{"line":39,"column":14}},"loc":{"start":{"line":39,"column":24},"end":{"line":39,"column":79}},"line":39},"9":{"name":"(anonymous_9)","decl":{"start":{"line":43,"column":26},"end":{"line":43,"column":27}},"loc":{"start":{"line":43,"column":32},"end":{"line":45,"column":2}},"line":43},"10":{"name":"(anonymous_10)","decl":{"start":{"line":47,"column":26},"end":{"line":47,"column":27}},"loc":{"start":{"line":47,"column":32},"end":{"line":49,"column":2}},"line":47},"11":{"name":"(anonymous_11)","decl":{"start":{"line":65,"column":24},"end":{"line":65,"column":25}},"loc":{"start":{"line":66,"column":8},"end":{"line":68,"column":14}},"line":66},"12":{"name":"(anonymous_12)","decl":{"start":{"line":104,"column":23},"end":{"line":104,"column":24}},"loc":{"start":{"line":105,"column":7},"end":{"line":109,"column":9}},"line":105},"13":{"name":"(anonymous_13)","decl":{"start":{"line":108,"column":17},"end":{"line":108,"column":18}},"loc":{"start":{"line":108,"column":23},"end":{"line":108,"column":40}},"line":108}},"branchMap":{"0":{"loc":{"start":{"line":25,"column":2},"end":{"line":30,"column":3}},"type":"if","locations":[{"start":{"line":25,"column":2},"end":{"line":30,"column":3}},{"start":{},"end":{}}],"line":25},"1":{"loc":{"start":{"line":90,"column":12},"end":{"line":94,"column":12}},"type":"binary-expr","locations":[{"start":{"line":90,"column":12},"end":{"line":90,"column":23}},{"start":{"line":91,"column":12},"end":{"line":93,"column":16}}],"line":90},"2":{"loc":{"start":{"line":106,"column":19},"end":{"line":106,"column":55}},"type":"cond-expr","locations":[{"start":{"line":106,"column":39},"end":{"line":106,"column":50}},{"start":{"line":106,"column":53},"end":{"line":106,"column":55}}],"line":106}},"s":{"0":0,"1":0,"2":0,"3":0,"4":0,"5":0,"6":0,"7":0,"8":0,"9":0,"10":0,"11":0,"12":0,"13":0,"14":0,"15":0,"16":0,"17":0,"18":0,"19":0,"20":0,"21":0,"22":0,"23":0,"24":0,"25":0},"f":{"0":0,"1":0,"2":0,"3":0,"4":0,"5":0,"6":0,"7":0,"8":0,"9":0,"10":0,"11":0,"12":0,"13":0},"b":{"0":[0,0],"1":[0,0],"2":[0,0]}}
,"C:\\Users\\SamiSGHAIER\\OneDrive - Mobelite\\pdss\\pdss_web_front\\src\\client\\components\\HomeTestimonialsSliderComponent\\index.jsx": {"path":"C:\\Users\\SamiSGHAIER\\OneDrive - Mobelite\\pdss\\pdss_web_front\\src\\client\\components\\HomeTestimonialsSliderComponent\\index.jsx","statementMap":{"0":{"start":{"line":4,"column":4},"end":{"line":4,"column":39}},"1":{"start":{"line":5,"column":36},"end":{"line":5,"column":47}},"2":{"start":{"line":6,"column":1},"end":{"line":22,"column":3}}},"fnMap":{"0":{"name":"HomeTestimonialsSliderComponent","decl":{"start":{"line":3,"column":9},"end":{"line":3,"column":40}},"loc":{"start":{"line":3,"column":58},"end":{"line":23,"column":1}},"line":3}},"branchMap":{},"s":{"0":0,"1":0,"2":0},"f":{"0":0},"b":{}}
,"C:\\Users\\SamiSGHAIER\\OneDrive - Mobelite\\pdss\\pdss_web_front\\src\\client\\components\\PdssImageComponent\\index.jsx": {"path":"C:\\Users\\SamiSGHAIER\\OneDrive - Mobelite\\pdss\\pdss_web_front\\src\\client\\components\\PdssImageComponent\\index.jsx","statementMap":{"0":{"start":{"line":4,"column":1},"end":{"line":8,"column":3}}},"fnMap":{"0":{"name":"PdssImageComponent","decl":{"start":{"line":3,"column":24},"end":{"line":3,"column":42}},"loc":{"start":{"line":3,"column":58},"end":{"line":9,"column":1}},"line":3}},"branchMap":{},"s":{"0":0},"f":{"0":0},"b":{}}
,"C:\\Users\\SamiSGHAIER\\OneDrive - Mobelite\\pdss\\pdss_web_front\\src\\client\\components\\PdssTitleComponent\\PdssTitle.jsx": {"path":"C:\\Users\\SamiSGHAIER\\OneDrive - Mobelite\\pdss\\pdss_web_front\\src\\client\\components\\PdssTitleComponent\\PdssTitle.jsx","statementMap":{"0":{"start":{"line":4,"column":1},"end":{"line":8,"column":3}}},"fnMap":{"0":{"name":"PdssTitle","decl":{"start":{"line":3,"column":9},"end":{"line":3,"column":18}},"loc":{"start":{"line":3,"column":30},"end":{"line":9,"column":1}},"line":3}},"branchMap":{},"s":{"0":1},"f":{"0":1},"b":{},"_coverageSchema":"1a1c01bbd47fc00a2c39e90264f33305004495a9","hash":"3bbd8b207bc4b6132b3079017c4e2169b386e59e"}
,"C:\\Users\\SamiSGHAIER\\OneDrive - Mobelite\\pdss\\pdss_web_front\\src\\client\\containers\\CardsHomeContainer\\index.jsx": {"path":"C:\\Users\\SamiSGHAIER\\OneDrive - Mobelite\\pdss\\pdss_web_front\\src\\client\\containers\\CardsHomeContainer\\index.jsx","statementMap":{"0":{"start":{"line":5,"column":15},"end":{"line":5,"column":20}},"1":{"start":{"line":6,"column":1},"end":{"line":25,"column":3}},"2":{"start":{"line":15,"column":6},"end":{"line":20,"column":27}}},"fnMap":{"0":{"name":"CardsHomeContainer","decl":{"start":{"line":4,"column":9},"end":{"line":4,"column":27}},"loc":{"start":{"line":4,"column":35},"end":{"line":26,"column":1}},"line":4},"1":{"name":"(anonymous_1)","decl":{"start":{"line":14,"column":25},"end":{"line":14,"column":26}},"loc":{"start":{"line":15,"column":6},"end":{"line":20,"column":27}},"line":15}},"branchMap":{},"s":{"0":0,"1":0,"2":0},"f":{"0":0,"1":0},"b":{}}
,"C:\\Users\\SamiSGHAIER\\OneDrive - Mobelite\\pdss\\pdss_web_front\\src\\client\\containers\\CompleteProfileFormContainer\\index.jsx": {"path":"C:\\Users\\SamiSGHAIER\\OneDrive - Mobelite\\pdss\\pdss_web_front\\src\\client\\containers\\CompleteProfileFormContainer\\index.jsx","statementMap":{"0":{"start":{"line":8,"column":37},"end":{"line":108,"column":1}},"1":{"start":{"line":9,"column":37},"end":{"line":9,"column":42}},"2":{"start":{"line":18,"column":5},"end":{"line":18,"column":30}},"3":{"start":{"line":20,"column":1},"end":{"line":107,"column":3}},"4":{"start":{"line":97,"column":55},"end":{"line":97,"column":80}},"5":{"start":{"line":109,"column":0},"end":{"line":112,"column":2}},"6":{"start":{"line":113,"column":107},"end":{"line":115,"column":1}}},"fnMap":{"0":{"name":"(anonymous_0)","decl":{"start":{"line":8,"column":37},"end":{"line":8,"column":38}},"loc":{"start":{"line":8,"column":46},"end":{"line":108,"column":1}},"line":8},"1":{"name":"(anonymous_1)","decl":{"start":{"line":97,"column":49},"end":{"line":97,"column":50}},"loc":{"start":{"line":97,"column":55},"end":{"line":97,"column":80}},"line":97},"2":{"name":"(anonymous_2)","decl":{"start":{"line":113,"column":76},"end":{"line":113,"column":77}},"loc":{"start":{"line":113,"column":107},"end":{"line":115,"column":1}},"line":113}},"branchMap":{"0":{"loc":{"start":{"line":25,"column":4},"end":{"line":105,"column":4}},"type":"cond-expr","locations":[{"start":{"line":26,"column":4},"end":{"line":88,"column":11}},{"start":{"line":90,"column":4},"end":{"line":104,"column":10}}],"line":25},"1":{"loc":{"start":{"line":28,"column":16},"end":{"line":28,"column":68}},"type":"binary-expr","locations":[{"start":{"line":28,"column":16},"end":{"line":28,"column":52}},{"start":{"line":28,"column":56},"end":{"line":28,"column":68}}],"line":28},"2":{"loc":{"start":{"line":42,"column":22},"end":{"line":42,"column":62}},"type":"binary-expr","locations":[{"start":{"line":42,"column":22},"end":{"line":42,"column":39}},{"start":{"line":42,"column":43},"end":{"line":42,"column":62}}],"line":42},"3":{"loc":{"start":{"line":53,"column":22},"end":{"line":53,"column":61}},"type":"binary-expr","locations":[{"start":{"line":53,"column":22},"end":{"line":53,"column":38}},{"start":{"line":53,"column":42},"end":{"line":53,"column":61}}],"line":53},"4":{"loc":{"start":{"line":62,"column":21},"end":{"line":62,"column":65}},"type":"binary-expr","locations":[{"start":{"line":62,"column":21},"end":{"line":62,"column":42}},{"start":{"line":62,"column":46},"end":{"line":62,"column":65}}],"line":62}},"s":{"0":0,"1":0,"2":0,"3":0,"4":0,"5":0,"6":0},"f":{"0":0,"1":0,"2":0},"b":{"0":[0,0],"1":[0,0],"2":[0,0],"3":[0,0],"4":[0,0]}}
,"C:\\Users\\SamiSGHAIER\\OneDrive - Mobelite\\pdss\\pdss_web_front\\src\\client\\containers\\DefaultFooter\\index.jsx": {"path":"C:\\Users\\SamiSGHAIER\\OneDrive - Mobelite\\pdss\\pdss_web_front\\src\\client\\containers\\DefaultFooter\\index.jsx","statementMap":{"0":{"start":{"line":4,"column":29},"end":{"line":68,"column":1}},"1":{"start":{"line":5,"column":15},"end":{"line":5,"column":20}},"2":{"start":{"line":6,"column":19},"end":{"line":6,"column":43}},"3":{"start":{"line":26,"column":1},"end":{"line":67,"column":3}}},"fnMap":{"0":{"name":"(anonymous_0)","decl":{"start":{"line":4,"column":29},"end":{"line":4,"column":30}},"loc":{"start":{"line":4,"column":40},"end":{"line":68,"column":1}},"line":4}},"branchMap":{},"s":{"0":0,"1":0,"2":0,"3":0},"f":{"0":0},"b":{}}
}
