TN:
SF:src\client\components\DownloadFilesListComponent\index.jsx
FN:3,DownloadFilesListComponent
FN:5,(anonymous_1)
FN:6,(anonymous_2)
FNF:3
FNH:0
FNDA:0,DownloadFilesListComponent
FNDA:0,(anonymous_1)
FNDA:0,(anonymous_2)
DA:5,0
DA:6,0
DA:7,0
DA:19,0
LF:4
LH:0
BRDA:30,0,0,0
BRDA:30,0,1,0
BRF:2
BRH:0
end_of_record
TN:
SF:src\client\components\HomePageSliderComponent\index.jsx
FN:19,HomePageSliderComponent
FN:24,(anonymous_1)
FN:26,(anonymous_2)
FN:27,(anonymous_3)
FN:29,(anonymous_4)
FN:34,(anonymous_5)
FN:35,(anonymous_6)
FN:38,(anonymous_7)
FN:39,(anonymous_8)
FN:43,(anonymous_9)
FN:47,(anonymous_10)
FN:65,(anonymous_11)
FN:104,(anonymous_12)
FN:108,(anonymous_13)
FNF:14
FNH:0
FNDA:0,HomePageSliderComponent
FNDA:0,(anonymous_1)
FNDA:0,(anonymous_2)
FNDA:0,(anonymous_3)
FNDA:0,(anonymous_4)
FNDA:0,(anonymous_5)
FNDA:0,(anonymous_6)
FNDA:0,(anonymous_7)
FNDA:0,(anonymous_8)
FNDA:0,(anonymous_9)
FNDA:0,(anonymous_10)
FNDA:0,(anonymous_11)
FNDA:0,(anonymous_12)
FNDA:0,(anonymous_13)
DA:10,0
DA:17,0
DA:20,0
DA:21,0
DA:24,0
DA:25,0
DA:26,0
DA:27,0
DA:29,0
DA:34,0
DA:35,0
DA:38,0
DA:39,0
DA:43,0
DA:44,0
DA:47,0
DA:48,0
DA:51,0
DA:66,0
DA:105,0
DA:108,0
DA:118,0
LF:22
LH:0
BRDA:25,0,0,0
BRDA:25,0,1,0
BRDA:90,1,0,0
BRDA:90,1,1,0
BRDA:106,2,0,0
BRDA:106,2,1,0
BRF:6
BRH:0
end_of_record
TN:
SF:src\client\components\HomeTestimonialsSliderComponent\index.jsx
FN:3,HomeTestimonialsSliderComponent
FNF:1
FNH:0
FNDA:0,HomeTestimonialsSliderComponent
DA:4,0
DA:5,0
DA:6,0
LF:3
LH:0
BRF:0
BRH:0
end_of_record
TN:
SF:src\client\components\PdssImageComponent\index.jsx
FN:3,PdssImageComponent
FNF:1
FNH:0
FNDA:0,PdssImageComponent
DA:4,0
LF:1
LH:0
BRF:0
BRH:0
end_of_record
TN:
SF:src\client\components\PdssTitleComponent\PdssTitle.jsx
FN:3,PdssTitle
FNF:1
FNH:1
FNDA:1,PdssTitle
DA:4,1
LF:1
LH:1
BRF:0
BRH:0
end_of_record
TN:
SF:src\client\containers\CardsHomeContainer\index.jsx
FN:4,CardsHomeContainer
FN:14,(anonymous_1)
FNF:2
FNH:0
FNDA:0,CardsHomeContainer
FNDA:0,(anonymous_1)
DA:5,0
DA:6,0
DA:15,0
LF:3
LH:0
BRF:0
BRH:0
end_of_record
TN:
SF:src\client\containers\CompleteProfileFormContainer\index.jsx
FN:8,(anonymous_0)
FN:97,(anonymous_1)
FN:113,(anonymous_2)
FNF:3
FNH:0
FNDA:0,(anonymous_0)
FNDA:0,(anonymous_1)
FNDA:0,(anonymous_2)
DA:8,0
DA:9,0
DA:18,0
DA:20,0
DA:97,0
DA:109,0
DA:113,0
LF:7
LH:0
BRDA:25,0,0,0
BRDA:25,0,1,0
BRDA:28,1,0,0
BRDA:28,1,1,0
BRDA:42,2,0,0
BRDA:42,2,1,0
BRDA:53,3,0,0
BRDA:53,3,1,0
BRDA:62,4,0,0
BRDA:62,4,1,0
BRF:10
BRH:0
end_of_record
TN:
SF:src\client\containers\DefaultFooter\index.jsx
FN:4,(anonymous_0)
FNF:1
FNH:0
FNDA:0,(anonymous_0)
DA:4,0
DA:5,0
DA:6,0
DA:26,0
LF:4
LH:0
BRF:0
BRH:0
end_of_record
